<?xml version="1.0" encoding="UTF-8"?>
<testsuite xmlns:xsi="http://www.w3.org/2001/XMLSchema-instance" xsi:noNamespaceSchemaLocation="https://maven.apache.org/surefire/maven-surefire-plugin/xsd/surefire-test-report.xsd" version="3.0.2" name="com.arunalabs.bookmarker.api.BookMarkControllerTest" time="12.624" tests="3" errors="0" skipped="0" failures="0">
  <properties>
[...]
</properties>
  <testcase name="shouldGetBookMarks(int, int, int, boolean)[1]" classname="com.arunalabs.bookmarker.api.BookMarkControllerTest" time="0.936">
    <system-out><![CDATA[13:42:46.822 [main] INFO org.springframework.test.context.support.AnnotationConfigContextLoaderUtils -- Could not detect default configuration classes for test class [com.arunalabs.bookmarker.api.BookMarkControllerTest]: BookMarkControllerTest does not declare any static, non-private, non-final, nested classes annotated with @Configuration.
13:42:47.296 [main] INFO org.springframework.boot.test.context.SpringBootTestContextBootstrapper -- Found @SpringBootConfiguration com.arunalabs.bookmarker.BookmarkerApiApplication for test class com.arunalabs.bookmarker.api.BookMarkControllerTest
13:42:47.451 [main] INFO org.springframework.boot.devtools.restart.RestartApplicationListener -- Restart disabled due to context in which it is running

  .   ____          _            __ _ _
 /\\ / ___'_ __ _ _(_)_ __  __ _ \ \ \ \
( ( )\___ | '_ | '_| | '_ \/ _` | \ \ \ \
 \\/  ___)| |_)| | | | | || (_| |  ) ) ) )
  '  |____| .__|_| |_|_| |_\__, | / / / /
 =========|_|==============|___/=/_/_/_/

 :: Spring Boot ::               (v3.5.11)

2026-03-25T13:42:47.655+05:30  INFO 16613 --- [bookmarker-api] [           main] c.a.b.api.BookMarkControllerTest         : Starting BookMarkControllerTest using Java 21.0.7 with PID 16613 (started by sfs in /home/sfs/Downloads/kubernetes demo)
2026-03-25T13:42:47.656+05:30  INFO 16613 --- [bookmarker-api] [           main] c.a.b.api.BookMarkControllerTest         : No active profile set, falling back to 1 default profile: "default"
2026-03-25T13:42:50.013+05:30  INFO 16613 --- [bookmarker-api] [           main] .s.d.r.c.RepositoryConfigurationDelegate : Bootstrapping Spring Data JPA repositories in DEFAULT mode.
2026-03-25T13:42:50.062+05:30  INFO 16613 --- [bookmarker-api] [           main] .s.d.r.c.RepositoryConfigurationDelegate : Finished Spring Data repository scanning in 34 ms. Found 1 JPA repository interface.
2026-03-25T13:42:50.636+05:30  INFO 16613 --- [bookmarker-api] [           main] o.s.b.w.embedded.tomcat.TomcatWebServer  : Tomcat initialized with port 0 (http)
2026-03-25T13:42:50.649+05:30  INFO 16613 --- [bookmarker-api] [           main] o.apache.catalina.core.StandardService   : Starting service [Tomcat]
2026-03-25T13:42:50.650+05:30  INFO 16613 --- [bookmarker-api] [           main] o.apache.catalina.core.StandardEngine    : Starting Servlet engine: [Apache Tomcat/10.1.52]
2026-03-25T13:42:50.695+05:30  INFO 16613 --- [bookmarker-api] [           main] o.a.c.c.C.[Tomcat].[localhost].[/]       : Initializing Spring embedded WebApplicationContext
2026-03-25T13:42:50.696+05:30  INFO 16613 --- [bookmarker-api] [           main] w.s.c.ServletWebServerApplicationContext : Root WebApplicationContext: initialization completed in 2972 ms
2026-03-25T13:42:50.925+05:30  INFO 16613 --- [bookmarker-api] [           main] com.zaxxer.hikari.HikariDataSource       : HikariPool-1 - Starting...
2026-03-25T13:42:50.954+05:30  INFO 16613 --- [bookmarker-api] [           main] org.testcontainers.images.PullPolicy     : Image pull policy will be performed by: DefaultPullPolicy()
2026-03-25T13:42:50.955+05:30  INFO 16613 --- [bookmarker-api] [           main] o.t.utility.ImageNameSubstitutor         : Image name substitution will be performed by: DefaultImageNameSubstitutor (composite of 'ConfigurationFileImageNameSubstitutor' and 'PrefixingImageNameSubstitutor')
2026-03-25T13:42:50.960+05:30  INFO 16613 --- [bookmarker-api] [           main] org.testcontainers.DockerClientFactory   : Testcontainers version: 1.21.4
2026-03-25T13:42:51.025+05:30  INFO 16613 --- [bookmarker-api] [           main] o.t.d.DockerClientProviderStrategy       : Loaded org.testcontainers.dockerclient.UnixSocketClientProviderStrategy from ~/.testcontainers.properties, will try it first
2026-03-25T13:42:51.397+05:30  INFO 16613 --- [bookmarker-api] [           main] o.t.d.DockerClientProviderStrategy       : Found Docker environment with local Unix socket (unix:///var/run/docker.sock)
2026-03-25T13:42:51.399+05:30  INFO 16613 --- [bookmarker-api] [           main] org.testcontainers.DockerClientFactory   : Docker host IP address is localhost
2026-03-25T13:42:51.430+05:30  INFO 16613 --- [bookmarker-api] [           main] org.testcontainers.DockerClientFactory   : Connected to docker: 
  Server Version: 28.4.0
  API Version: 1.51
  Operating System: Ubuntu Core 24
  Total Memory: 23022 MB
2026-03-25T13:42:51.514+05:30  INFO 16613 --- [bookmarker-api] [           main] tc.testcontainers/ryuk:0.12.0            : Creating container for image: testcontainers/ryuk:0.12.0
2026-03-25T13:42:51.521+05:30  INFO 16613 --- [bookmarker-api] [           main] o.t.utility.RegistryAuthLocator          : Failure when attempting to lookup auth config. Please ignore if you don't have images in an authenticated registry. Details: (dockerImageName: testcontainers/ryuk:0.12.0, configFile: /home/sfs/.docker/config.json, configEnv: DOCKER_AUTH_CONFIG). Falling back to docker-java default behaviour. Exception message: Status 404: No config supplied. Checked in order: /home/sfs/.docker/config.json (file not found), DOCKER_AUTH_CONFIG (not set)
2026-03-25T13:42:51.710+05:30  INFO 16613 --- [bookmarker-api] [           main] tc.testcontainers/ryuk:0.12.0            : Container testcontainers/ryuk:0.12.0 is starting: 13f107cf70170d2ded5857626424f244da682158cb75c0093cf3c051e8ed6a5b
2026-03-25T13:42:52.057+05:30  INFO 16613 --- [bookmarker-api] [           main] tc.testcontainers/ryuk:0.12.0            : Container testcontainers/ryuk:0.12.0 started in PT0.543250515S
2026-03-25T13:42:52.062+05:30  INFO 16613 --- [bookmarker-api] [           main] o.t.utility.RyukResourceReaper           : Ryuk started - will monitor and terminate Testcontainers containers on JVM exit
2026-03-25T13:42:52.062+05:30  INFO 16613 --- [bookmarker-api] [           main] org.testcontainers.DockerClientFactory   : Checking the system...
2026-03-25T13:42:52.073+05:30  INFO 16613 --- [bookmarker-api] [           main] org.testcontainers.DockerClientFactory   : ✔︎ Docker server version should be at least 1.6.0
2026-03-25T13:42:52.080+05:30  INFO 16613 --- [bookmarker-api] [           main] tc.postgres:14-alpine                    : Creating container for image: postgres:14-alpine
2026-03-25T13:42:52.138+05:30  INFO 16613 --- [bookmarker-api] [           main] tc.postgres:14-alpine                    : Container postgres:14-alpine is starting: be7203fb899eab3ba838d06cd8a3684e9890ad3d84fd25b2895237d365a484d9
2026-03-25T13:42:54.241+05:30  INFO 16613 --- [bookmarker-api] [           main] tc.postgres:14-alpine                    : Container postgres:14-alpine started in PT2.161067828S
2026-03-25T13:42:54.241+05:30  INFO 16613 --- [bookmarker-api] [           main] tc.postgres:14-alpine                    : Container is started (JDBC URL: jdbc:postgresql://localhost:32772/test?loggerLevel=OFF)
2026-03-25T13:42:54.460+05:30  INFO 16613 --- [bookmarker-api] [           main] com.zaxxer.hikari.pool.HikariPool        : HikariPool-1 - Added connection org.testcontainers.jdbc.ConnectionWrapper@1344f7fe
2026-03-25T13:42:54.461+05:30  INFO 16613 --- [bookmarker-api] [           main] com.zaxxer.hikari.HikariDataSource       : HikariPool-1 - Start completed.
2026-03-25T13:42:54.629+05:30  INFO 16613 --- [bookmarker-api] [           main] org.flywaydb.core.FlywayExecutor         : Database: jdbc:postgresql://localhost:32772/test?loggerLevel=OFF (PostgreSQL 14.22)
2026-03-25T13:42:54.672+05:30  INFO 16613 --- [bookmarker-api] [           main] o.f.c.i.s.JdbcTableSchemaHistory         : Schema history table "public"."flyway_schema_history" does not exist yet
2026-03-25T13:42:54.678+05:30  INFO 16613 --- [bookmarker-api] [           main] o.f.core.internal.command.DbValidate     : Successfully validated 0 migrations (execution time 00:00.006s)
2026-03-25T13:42:54.678+05:30  WARN 16613 --- [bookmarker-api] [           main] o.f.core.internal.command.DbValidate     : No migrations found. Are your locations set up correctly?
2026-03-25T13:42:54.687+05:30  INFO 16613 --- [bookmarker-api] [           main] org.flywaydb.core.Flyway                 : All configured schemas are empty; baseline operation skipped. A baseline or migration script with a lower version than the baseline version may execute if available. Check the Schemas parameter if this is not intended.
2026-03-25T13:42:54.692+05:30  INFO 16613 --- [bookmarker-api] [           main] o.f.c.i.s.JdbcTableSchemaHistory         : Creating Schema History table "public"."flyway_schema_history" ...
2026-03-25T13:42:54.903+05:30  INFO 16613 --- [bookmarker-api] [           main] o.f.core.internal.command.DbMigrate      : Current version of schema "public": << Empty Schema >>
2026-03-25T13:42:54.906+05:30  INFO 16613 --- [bookmarker-api] [           main] o.f.core.internal.command.DbMigrate      : Schema "public" is up to date. No migration necessary.
2026-03-25T13:42:54.993+05:30  INFO 16613 --- [bookmarker-api] [           main] o.hibernate.jpa.internal.util.LogHelper  : HHH000204: Processing PersistenceUnitInfo [name: default]
2026-03-25T13:42:55.040+05:30  INFO 16613 --- [bookmarker-api] [           main] org.hibernate.Version                    : HHH000412: Hibernate ORM core version 6.6.42.Final
2026-03-25T13:42:55.061+05:30  INFO 16613 --- [bookmarker-api] [           main] o.h.c.internal.RegionFactoryInitiator    : HHH000026: Second-level cache disabled
2026-03-25T13:42:55.465+05:30  INFO 16613 --- [bookmarker-api] [           main] o.s.o.j.p.SpringPersistenceUnitInfo      : No LoadTimeWeaver setup: ignoring JPA class transformer
2026-03-25T13:42:55.574+05:30  INFO 16613 --- [bookmarker-api] [           main] org.hibernate.orm.connections.pooling    : HHH10001005: Database info:
	Database JDBC URL [Connecting through datasource 'HikariDataSource (HikariPool-1)']
	Database driver: undefined/unknown
	Database version: 14.22
	Autocommit mode: undefined/unknown
	Isolation level: undefined/unknown
	Minimum pool size: undefined/unknown
	Maximum pool size: undefined/unknown
2026-03-25T13:42:56.250+05:30  INFO 16613 --- [bookmarker-api] [           main] o.h.e.t.j.p.i.JtaPlatformInitiator       : HHH000489: No JTA platform available (set 'hibernate.transaction.jta.platform' to enable JTA platform integration)
Hibernate: create table bookmarks (id bigint not null, created_at timestamp(6) with time zone, title varchar(255) not null, url varchar(255) not null, primary key (id))
Hibernate: create sequence bm_id_seq start with 1 increment by 50
2026-03-25T13:42:56.305+05:30  INFO 16613 --- [bookmarker-api] [           main] j.LocalContainerEntityManagerFactoryBean : Initialized JPA EntityManagerFactory for persistence unit 'default'
2026-03-25T13:42:56.514+05:30  INFO 16613 --- [bookmarker-api] [           main] o.s.d.j.r.query.QueryEnhancerFactory     : Hibernate is in classpath; If applicable, HQL parser will be used.
2026-03-25T13:42:57.039+05:30  WARN 16613 --- [bookmarker-api] [           main] JpaBaseConfiguration$JpaWebConfiguration : spring.jpa.open-in-view is enabled by default. Therefore, database queries may be performed during view rendering. Explicitly configure spring.jpa.open-in-view to disable this warning
2026-03-25T13:42:57.414+05:30  INFO 16613 --- [bookmarker-api] [           main] o.a.c.c.C.[Tomcat].[localhost].[/]       : Initializing Spring TestDispatcherServlet ''
2026-03-25T13:42:57.415+05:30  INFO 16613 --- [bookmarker-api] [           main] o.s.t.web.servlet.TestDispatcherServlet  : Initializing Servlet ''
2026-03-25T13:42:57.421+05:30  INFO 16613 --- [bookmarker-api] [           main] o.s.b.a.e.web.EndpointLinksResolver      : Exposing 1 endpoint beneath base path '/actuator'
2026-03-25T13:42:57.435+05:30  INFO 16613 --- [bookmarker-api] [           main] o.s.t.web.servlet.TestDispatcherServlet  : Completed initialization in 20 ms
2026-03-25T13:42:57.659+05:30  INFO 16613 --- [bookmarker-api] [           main] o.s.b.w.embedded.tomcat.TomcatWebServer  : Tomcat started on port 36801 (http) with context path '/'
2026-03-25T13:42:57.669+05:30  INFO 16613 --- [bookmarker-api] [           main] c.a.b.api.BookMarkControllerTest         : Started BookMarkControllerTest in 10.236 seconds (process running for 17.675)
Hibernate: delete from bookmarks bm1_0
Hibernate: select nextval('bm_id_seq')
Hibernate: select nextval('bm_id_seq')
Hibernate: insert into bookmarks (title,url,id) values (?,?,?)
Hibernate: insert into bookmarks (title,url,id) values (?,?,?)
Hibernate: insert into bookmarks (title,url,id) values (?,?,?)
Hibernate: insert into bookmarks (title,url,id) values (?,?,?)
Hibernate: insert into bookmarks (title,url,id) values (?,?,?)
Hibernate: insert into bookmarks (title,url,id) values (?,?,?)
Hibernate: insert into bookmarks (title,url,id) values (?,?,?)
Hibernate: insert into bookmarks (title,url,id) values (?,?,?)
Hibernate: insert into bookmarks (title,url,id) values (?,?,?)
Hibernate: insert into bookmarks (title,url,id) values (?,?,?)
Hibernate: insert into bookmarks (title,url,id) values (?,?,?)
Hibernate: insert into bookmarks (title,url,id) values (?,?,?)
Hibernate: select bm1_0.title,bm1_0.url,bm1_0.created_at from bookmarks bm1_0 order by bm1_0.created_at desc fetch first ? rows only
Hibernate: select count(bm1_0.id) from bookmarks bm1_0
]]></system-out>
    <system-err><![CDATA[Mockito is currently self-attaching to enable the inline-mock-maker. This will no longer work in future releases of the JDK. Please add Mockito as an agent to your build as described in Mockito's documentation: https://javadoc.io/doc/org.mockito/mockito-core/latest/org.mockito/org/mockito/Mockito.html#0.3
WARNING: A Java agent has been loaded dynamically (/home/sfs/.m2/repository/net/bytebuddy/byte-buddy-agent/1.17.8/byte-buddy-agent-1.17.8.jar)
WARNING: If a serviceability tool is in use, please run with -XX:+EnableDynamicAgentLoading to hide this warning
WARNING: If a serviceability tool is not in use, please run with -Djdk.instrument.traceUsage for more information
WARNING: Dynamic loading of agents will be disallowed by default in a future release
]]></system-err>
  </testcase>
  <testcase name="shouldGetBookMarks(int, int, int, boolean)[2]" classname="com.arunalabs.bookmarker.api.BookMarkControllerTest" time="0.091">
    <system-out><![CDATA[Hibernate: delete from bookmarks bm1_0
Hibernate: insert into bookmarks (title,url,id) values (?,?,?)
Hibernate: insert into bookmarks (title,url,id) values (?,?,?)
Hibernate: insert into bookmarks (title,url,id) values (?,?,?)
Hibernate: insert into bookmarks (title,url,id) values (?,?,?)
Hibernate: insert into bookmarks (title,url,id) values (?,?,?)
Hibernate: insert into bookmarks (title,url,id) values (?,?,?)
Hibernate: insert into bookmarks (title,url,id) values (?,?,?)
Hibernate: insert into bookmarks (title,url,id) values (?,?,?)
Hibernate: insert into bookmarks (title,url,id) values (?,?,?)
Hibernate: insert into bookmarks (title,url,id) values (?,?,?)
Hibernate: insert into bookmarks (title,url,id) values (?,?,?)
Hibernate: insert into bookmarks (title,url,id) values (?,?,?)
Hibernate: select bm1_0.title,bm1_0.url,bm1_0.created_at from bookmarks bm1_0 order by bm1_0.created_at desc offset ? rows fetch first ? rows only
]]></system-out>
  </testcase>
  <testcase name="shouldGetBookMarks_RealCall" classname="com.arunalabs.bookmarker.api.BookMarkControllerTest" time="0.237">
    <system-out><![CDATA[Hibernate: delete from bookmarks bm1_0
Hibernate: insert into bookmarks (title,url,id) values (?,?,?)
Hibernate: insert into bookmarks (title,url,id) values (?,?,?)
Hibernate: insert into bookmarks (title,url,id) values (?,?,?)
Hibernate: insert into bookmarks (title,url,id) values (?,?,?)
Hibernate: insert into bookmarks (title,url,id) values (?,?,?)
Hibernate: insert into bookmarks (title,url,id) values (?,?,?)
Hibernate: insert into bookmarks (title,url,id) values (?,?,?)
Hibernate: insert into bookmarks (title,url,id) values (?,?,?)
Hibernate: insert into bookmarks (title,url,id) values (?,?,?)
Hibernate: insert into bookmarks (title,url,id) values (?,?,?)
Hibernate: insert into bookmarks (title,url,id) values (?,?,?)
Hibernate: insert into bookmarks (title,url,id) values (?,?,?)
2026-03-25T13:42:58.928+05:30  INFO 16613 --- [bookmarker-api] [o-auto-1-exec-1] o.a.c.c.C.[Tomcat].[localhost].[/]       : Initializing Spring DispatcherServlet 'dispatcherServlet'
2026-03-25T13:42:58.928+05:30  INFO 16613 --- [bookmarker-api] [o-auto-1-exec-1] o.s.web.servlet.DispatcherServlet        : Initializing Servlet 'dispatcherServlet'
2026-03-25T13:42:58.929+05:30  INFO 16613 --- [bookmarker-api] [o-auto-1-exec-1] o.s.web.servlet.DispatcherServlet        : Completed initialization in 1 ms
Hibernate: select bm1_0.title,bm1_0.url,bm1_0.created_at from bookmarks bm1_0 order by bm1_0.created_at desc offset ? rows fetch first ? rows only
Hibernate: select count(bm1_0.id) from bookmarks bm1_0
]]></system-out>
  </testcase>
</testsuite>